<?xml version="1.0" encoding="UTF-8"?>
<testng-results skipped="0" failed="0" total="1" passed="1">
  <reporter-output>
  </reporter-output>
  <suite name="test.java.PMSeleniumTest" duration-ms="19" started-at="2015-02-17T18:01:05Z" finished-at="2015-02-17T18:01:05Z">
    <groups>
    </groups>
    <test name="Command line test" duration-ms="19" started-at="2015-02-17T18:01:05Z" finished-at="2015-02-17T18:01:05Z">
      <class name="test.java.PMSeleniumTest">
        <test-method status="PASS" signature="beforeSuite()[pri:0, instance:test.java.PMSeleniumTest@75222b]" name="beforeSuite" is-config="true" duration-ms="9" started-at="2015-02-17T12:01:05Z" finished-at="2015-02-17T12:01:05Z">
          <reporter-output>
          </reporter-output>
        </test-method> <!-- beforeSuite -->
        <test-method status="PASS" signature="beforeTest()[pri:0, instance:test.java.PMSeleniumTest@75222b]" name="beforeTest" is-config="true" duration-ms="1" started-at="2015-02-17T12:01:05Z" finished-at="2015-02-17T12:01:05Z">
          <reporter-output>
          </reporter-output>
        </test-method> <!-- beforeTest -->
        <test-method status="PASS" signature="beforeClass()[pri:0, instance:test.java.PMSeleniumTest@75222b]" name="beforeClass" is-config="true" duration-ms="0" started-at="2015-02-17T12:01:05Z" finished-at="2015-02-17T12:01:05Z">
          <reporter-output>
          </reporter-output>
        </test-method> <!-- beforeClass -->
        <test-method status="PASS" signature="beforeMethod()[pri:0, instance:test.java.PMSeleniumTest@75222b]" name="beforeMethod" is-config="true" duration-ms="1" started-at="2015-02-17T12:01:05Z" finished-at="2015-02-17T12:01:05Z">
          <reporter-output>
          </reporter-output>
        </test-method> <!-- beforeMethod -->
        <test-method status="PASS" signature="f(java.lang.Integer, java.lang.String)[pri:0, instance:test.java.PMSeleniumTest@75222b]" name="f" duration-ms="3" started-at="2015-02-17T12:01:05Z" data-provider="dp" finished-at="2015-02-17T12:01:05Z">
          <params>
            <param index="0">
              <value>
                <![CDATA[1]]>
              </value>
            </param>
            <param index="1">
              <value>
                <![CDATA[a]]>
              </value>
            </param>
          </params>
          <reporter-output>
          </reporter-output>
        </test-method> <!-- f -->
        <test-method status="PASS" signature="afterMethod()[pri:0, instance:test.java.PMSeleniumTest@75222b]" name="afterMethod" is-config="true" duration-ms="0" started-at="2015-02-17T12:01:05Z" finished-at="2015-02-17T12:01:05Z">
          <reporter-output>
          </reporter-output>
        </test-method> <!-- afterMethod -->
        <test-method status="PASS" signature="afterClass()[pri:0, instance:test.java.PMSeleniumTest@75222b]" name="afterClass" is-config="true" duration-ms="0" started-at="2015-02-17T12:01:05Z" finished-at="2015-02-17T12:01:05Z">
          <reporter-output>
          </reporter-output>
        </test-method> <!-- afterClass -->
        <test-method status="PASS" signature="afterTest()[pri:0, instance:test.java.PMSeleniumTest@75222b]" name="afterTest" is-config="true" duration-ms="0" started-at="2015-02-17T12:01:05Z" finished-at="2015-02-17T12:01:05Z">
          <reporter-output>
          </reporter-output>
        </test-method> <!-- afterTest -->
        <test-method status="PASS" signature="afterSuite()[pri:0, instance:test.java.PMSeleniumTest@75222b]" name="afterSuite" is-config="true" duration-ms="0" started-at="2015-02-17T12:01:05Z" finished-at="2015-02-17T12:01:05Z">
          <reporter-output>
          </reporter-output>
        </test-method> <!-- afterSuite -->
      </class> <!-- test.java.PMSeleniumTest -->
    </test> <!-- Command line test -->
  </suite> <!-- test.java.PMSeleniumTest -->
</testng-results>
