<?xml version="1.0" encoding="UTF-8"?>
<testng-results skipped="0" failed="0" total="1" passed="1">
  <reporter-output>
  </reporter-output>
  <suite name="Suite" duration-ms="18" started-at="2015-02-17T19:35:43Z" finished-at="2015-02-17T19:35:43Z">
    <groups>
    </groups>
    <test name="Test" duration-ms="18" started-at="2015-02-17T19:35:43Z" finished-at="2015-02-17T19:35:43Z">
      <class name="test.java.PMSeleniumTest">
        <test-method status="PASS" signature="beforeSuite()[pri:0, instance:test.java.PMSeleniumTest@1a06946]" name="beforeSuite" is-config="true" duration-ms="8" started-at="2015-02-17T13:35:43Z" finished-at="2015-02-17T13:35:43Z">
          <reporter-output>
          </reporter-output>
        </test-method> <!-- beforeSuite -->
        <test-method status="PASS" signature="beforeTest()[pri:0, instance:test.java.PMSeleniumTest@1a06946]" name="beforeTest" is-config="true" duration-ms="1" started-at="2015-02-17T13:35:43Z" finished-at="2015-02-17T13:35:43Z">
          <reporter-output>
          </reporter-output>
        </test-method> <!-- beforeTest -->
        <test-method status="PASS" signature="beforeClass()[pri:0, instance:test.java.PMSeleniumTest@1a06946]" name="beforeClass" is-config="true" duration-ms="0" started-at="2015-02-17T13:35:43Z" finished-at="2015-02-17T13:35:43Z">
          <reporter-output>
          </reporter-output>
        </test-method> <!-- beforeClass -->
        <test-method status="PASS" signature="f(java.lang.Integer, java.lang.String)[pri:0, instance:test.java.PMSeleniumTest@1a06946]" name="f" duration-ms="5" started-at="2015-02-17T13:35:43Z" data-provider="dp" finished-at="2015-02-17T13:35:43Z">
          <params>
            <param index="0">
              <value>
                <![CDATA[1]]>
              </value>
            </param>
            <param index="1">
              <value>
                <![CDATA[a]]>
              </value>
            </param>
          </params>
          <reporter-output>
          </reporter-output>
        </test-method> <!-- f -->
        <test-method status="PASS" signature="beforeMethod()[pri:0, instance:test.java.PMSeleniumTest@1a06946]" name="beforeMethod" is-config="true" duration-ms="0" started-at="2015-02-17T13:35:43Z" finished-at="2015-02-17T13:35:43Z">
          <reporter-output>
          </reporter-output>
        </test-method> <!-- beforeMethod -->
        <test-method status="PASS" signature="afterMethod()[pri:0, instance:test.java.PMSeleniumTest@1a06946]" name="afterMethod" is-config="true" duration-ms="0" started-at="2015-02-17T13:35:43Z" finished-at="2015-02-17T13:35:43Z">
          <reporter-output>
          </reporter-output>
        </test-method> <!-- afterMethod -->
        <test-method status="PASS" signature="afterClass()[pri:0, instance:test.java.PMSeleniumTest@1a06946]" name="afterClass" is-config="true" duration-ms="0" started-at="2015-02-17T13:35:43Z" finished-at="2015-02-17T13:35:43Z">
          <reporter-output>
          </reporter-output>
        </test-method> <!-- afterClass -->
        <test-method status="PASS" signature="afterTest()[pri:0, instance:test.java.PMSeleniumTest@1a06946]" name="afterTest" is-config="true" duration-ms="1" started-at="2015-02-17T13:35:43Z" finished-at="2015-02-17T13:35:43Z">
          <reporter-output>
          </reporter-output>
        </test-method> <!-- afterTest -->
        <test-method status="PASS" signature="afterSuite()[pri:0, instance:test.java.PMSeleniumTest@1a06946]" name="afterSuite" is-config="true" duration-ms="1" started-at="2015-02-17T13:35:43Z" finished-at="2015-02-17T13:35:43Z">
          <reporter-output>
          </reporter-output>
        </test-method> <!-- afterSuite -->
      </class> <!-- test.java.PMSeleniumTest -->
    </test> <!-- Test -->
  </suite> <!-- Suite -->
</testng-results>
